  Main.cpp
C:\Users\jueck\source\repos\Kollision\Kollision\Matrix4x4.h(190,20): warning C4244: "Argument": Konvertierung von "__int64" in "float", möglicher Datenverlust
C:\Users\jueck\source\repos\Kollision\Kollision\Quaternion.h(299,11): warning C4244: "=": Konvertierung von "double" in "float", möglicher Datenverlust
C:\Users\jueck\source\repos\Kollision\Kollision\Quaternion.h(300,11): warning C4244: "=": Konvertierung von "double" in "float", möglicher Datenverlust
C:\Users\jueck\source\repos\Kollision\Kollision\Quaternion.h(307,9): warning C4244: "=": Konvertierung von "double" in "float", möglicher Datenverlust
C:\Users\jueck\source\repos\Kollision\Kollision\Quaternion.h(308,11): warning C4244: "=": Konvertierung von "double" in "float", möglicher Datenverlust
C:\Users\jueck\source\repos\Kollision\Kollision\Quaternion.h(315,9): warning C4244: "=": Konvertierung von "double" in "float", möglicher Datenverlust
C:\Users\jueck\source\repos\Kollision\Kollision\Quaternion.h(316,11): warning C4244: "=": Konvertierung von "double" in "float", möglicher Datenverlust
C:\Users\jueck\source\repos\Kollision\Kollision\Quaternion.h(323,9): warning C4244: "=": Konvertierung von "double" in "float", möglicher Datenverlust
C:\Users\jueck\source\repos\Kollision\Kollision\Quaternion.h(324,11): warning C4244: "=": Konvertierung von "double" in "float", möglicher Datenverlust
C:\Users\jueck\source\repos\Kollision\Kollision\Naiv_Testing.h(29,60): warning C4244: "+=": Konvertierung von "double" in "float", möglicher Datenverlust
C:\Users\jueck\source\repos\Kollision\Kollision\Naiv_Testing.h(65,60): warning C4244: "+=": Konvertierung von "double" in "float", möglicher Datenverlust
C:\Users\jueck\source\repos\Kollision\Kollision\Naiv_Testing.h(101,60): warning C4244: "+=": Konvertierung von "double" in "float", möglicher Datenverlust
C:\Users\jueck\source\repos\Kollision\Kollision\Naiv_Testing.h(137,60): warning C4244: "+=": Konvertierung von "double" in "float", möglicher Datenverlust
C:\Users\jueck\source\repos\Kollision\Kollision\Naiv_Testing.h(173,60): warning C4244: "+=": Konvertierung von "double" in "float", möglicher Datenverlust
C:\Users\jueck\source\repos\Kollision\Kollision\Naiv_Testing.h(209,60): warning C4244: "+=": Konvertierung von "double" in "float", möglicher Datenverlust
C:\Users\jueck\source\repos\Kollision\Kollision\Naiv_Testing.h(244,60): warning C4244: "+=": Konvertierung von "double" in "float", möglicher Datenverlust
C:\Users\jueck\source\repos\Kollision\Kollision\AOS_SIMD_Testing.h(29,60): warning C4244: "+=": Konvertierung von "double" in "float", möglicher Datenverlust
C:\Users\jueck\source\repos\Kollision\Kollision\AOS_SIMD_Testing.h(65,60): warning C4244: "+=": Konvertierung von "double" in "float", möglicher Datenverlust
C:\Users\jueck\source\repos\Kollision\Kollision\AOS_SIMD_Testing.h(101,60): warning C4244: "+=": Konvertierung von "double" in "float", möglicher Datenverlust
C:\Users\jueck\source\repos\Kollision\Kollision\AOS_SIMD_Testing.h(137,60): warning C4244: "+=": Konvertierung von "double" in "float", möglicher Datenverlust
C:\Users\jueck\source\repos\Kollision\Kollision\AOS_SIMD_Testing.h(173,60): warning C4244: "+=": Konvertierung von "double" in "float", möglicher Datenverlust
C:\Users\jueck\source\repos\Kollision\Kollision\AOS_SIMD_Testing.h(209,60): warning C4244: "+=": Konvertierung von "double" in "float", möglicher Datenverlust
C:\Users\jueck\source\repos\Kollision\Kollision\AOS_SIMD_Testing.h(245,60): warning C4244: "+=": Konvertierung von "double" in "float", möglicher Datenverlust
C:\Users\jueck\source\repos\Kollision\Kollision\SOA_SIMD_Testing.h(28,60): warning C4244: "+=": Konvertierung von "double" in "float", möglicher Datenverlust
  Code wird generiert.
  2 of 188 functions ( 1.1%) were compiled, the rest were copied from previous compilation.
    0 functions were new in current compilation
    2 functions had inline decision re-evaluated but remain unchanged
  Codegenerierung ist abgeschlossen.
  Kollision.vcxproj -> C:\Users\jueck\source\repos\Kollision\x64\Release\Kollision.exe
